2024-12-16 16:35:40 [2@DESKTOP-732BNJT]
Advertencia: no se pudo entregar un correo electrónico a admsys@localhost con 5 reintentos restantes. Mensaje: [GLPI #0000001] Nuevo caso SDGSDG, Error: Could not instantiate mail function.
2024-12-16 16:40:06 [2@DESKTOP-732BNJT]
Advertencia: no se pudo entregar un correo electrónico a admsys@localhost con 5 reintentos restantes. Mensaje: [GLPI #0000002] Nuevo caso sdfdsf, Error: Could not instantiate mail function.
2024-12-16 16:40:08 [2@DESKTOP-732BNJT]
Advertencia: no se pudo entregar un correo electrónico a admsys@localhost con 4 reintentos restantes. Mensaje: [GLPI #0000001] Nuevo caso SDGSDG, Error: Could not instantiate mail function.
2024-12-16 16:49:01 [2@DESKTOP-732BNJT]
Advertencia: no se pudo entregar un correo electrónico a admsys@localhost con 4 reintentos restantes. Mensaje: [GLPI #0000002] Nuevo caso sdfdsf, Error: Could not instantiate mail function.
2024-12-16 16:49:03 [2@DESKTOP-732BNJT]
Advertencia: no se pudo entregar un correo electrónico a admsys@localhost con 3 reintentos restantes. Mensaje: [GLPI #0000001] Nuevo caso SDGSDG, Error: Could not instantiate mail function.
2024-12-16 16:51:43 [2@DESKTOP-732BNJT]
Advertencia: no se pudo entregar un correo electrónico a admsys@localhost con 5 reintentos restantes. Mensaje: [GLPI #0000003] Nuevo caso por favor, Error: Could not instantiate mail function.
2024-12-16 16:51:45 [2@DESKTOP-732BNJT]
Advertencia: no se pudo entregar un correo electrónico a muramasakiiroa@gmail.com con 5 reintentos restantes. Mensaje: [GLPI #0000003] Nuevo caso por favor, Error: Could not instantiate mail function.
2024-12-16 16:55:41 [2@DESKTOP-732BNJT]
Advertencia: no se pudo entregar un correo electrónico a admsys@localhost con 3 reintentos restantes. Mensaje: [GLPI #0000002] Nuevo caso sdfdsf, Error: Could not instantiate mail function.
2024-12-16 16:55:43 [2@DESKTOP-732BNJT]
Advertencia: no se pudo entregar un correo electrónico a admsys@localhost con 2 reintentos restantes. Mensaje: [GLPI #0000001] Nuevo caso SDGSDG, Error: Could not instantiate mail function.
2024-12-16 16:55:53 [2@DESKTOP-732BNJT]
Advertencia: no se pudo entregar un correo electrónico a admsys@localhost con 4 reintentos restantes. Mensaje: [GLPI #0000003] Nuevo caso por favor, Error: Could not instantiate mail function.
2024-12-16 16:55:55 [2@DESKTOP-732BNJT]
Advertencia: no se pudo entregar un correo electrónico a muramasakiiroa@gmail.com con 4 reintentos restantes. Mensaje: [GLPI #0000003] Nuevo caso por favor, Error: Could not instantiate mail function.
