2024-12-16 16:35:07 [8@DESKTOP-732BNJT]
Un correo electrónico para admsys@localhost fue añadido a la cola: [GLPI #0000001] Nuevo caso SDGSDG
2024-12-16 16:39:49 [8@DESKTOP-732BNJT]
Un correo electrónico para admsys@localhost fue añadido a la cola: [GLPI #0000002] Nuevo caso sdfdsf
2024-12-16 16:50:47 [8@DESKTOP-732BNJT]
Un correo electrónico para admsys@localhost fue añadido a la cola: [GLPI #0000003] Nuevo caso por favor
2024-12-16 16:50:47 [8@DESKTOP-732BNJT]
Un correo electrónico para muramasakiiroa@gmail.com fue añadido a la cola: [GLPI #0000003] Nuevo caso por favor
2024-12-16 17:05:55 [2@DESKTOP-732BNJT]
Se ha enviado un correo electrónico a admsys@localhost: [GLPI #0000002] Nuevo caso sdfdsf
2024-12-16 17:05:58 [2@DESKTOP-732BNJT]
Se ha enviado un correo electrónico a admsys@localhost: [GLPI #0000001] Nuevo caso SDGSDG
2024-12-16 17:06:00 [2@DESKTOP-732BNJT]
Se ha enviado un correo electrónico a admsys@localhost: [GLPI #0000003] Nuevo caso por favor
2024-12-16 17:06:02 [2@DESKTOP-732BNJT]
Se ha enviado un correo electrónico a muramasakiiroa@gmail.com: [GLPI #0000003] Nuevo caso por favor
2024-12-16 17:48:06 [2@DESKTOP-732BNJT]
Se ha enviado un correo electrónico a admsys@localhost: [GLPI #0000001] Nuevo caso SDGSDG
2024-12-16 17:48:27 [2@DESKTOP-732BNJT]
Se ha enviado un correo electrónico a admsys@localhost: [GLPI #0000001] Nuevo caso SDGSDG
2024-12-16 17:48:42 [2@DESKTOP-732BNJT]
Se ha enviado un correo electrónico a admsys@localhost: [GLPI #0000002] Nuevo caso sdfdsf
2024-12-16 17:48:51 [2@DESKTOP-732BNJT]
Se ha enviado un correo electrónico a admsys@localhost: [GLPI #0000003] Nuevo caso por favor
2024-12-16 17:50:43 [2@DESKTOP-732BNJT]
Se ha enviado un correo electrónico a admsys@localhost: [GLPI #0000002] Nuevo caso sdfdsf
2024-12-16 17:50:45 [2@DESKTOP-732BNJT]
Se ha enviado un correo electrónico a admsys@localhost: [GLPI #0000001] Nuevo caso SDGSDG
2024-12-16 17:50:47 [2@DESKTOP-732BNJT]
Se ha enviado un correo electrónico a admsys@localhost: [GLPI #0000003] Nuevo caso por favor
2024-12-16 17:50:49 [2@DESKTOP-732BNJT]
Se ha enviado un correo electrónico a muramasakiiroa@gmail.com: [GLPI #0000003] Nuevo caso por favor
2024-12-16 18:38:41 [10@DESKTOP-732BNJT]
Un correo electrónico para mdactm37@gmail.com fue añadido a la cola: [GLPI #0000016] Nuevo caso gdgfg
2024-12-16 18:38:41 [10@DESKTOP-732BNJT]
Un correo electrónico para muramasakiiroa@gmail.com fue añadido a la cola: [GLPI #0000016] Nuevo caso gdgfg
2024-12-16 18:39:39 [2@DESKTOP-732BNJT]
Se ha enviado un correo electrónico a mdactm37@gmail.com: [GLPI #0000016] Nuevo caso gdgfg
2024-12-16 18:39:41 [2@DESKTOP-732BNJT]
Se ha enviado un correo electrónico a muramasakiiroa@gmail.com: [GLPI #0000016] Nuevo caso gdgfg
2024-12-16 18:40:44 [10@DESKTOP-732BNJT]
Un correo electrónico para mdactm37@gmail.com fue añadido a la cola: [GLPI #0000017] Nuevo caso Esto es una prueba de un caso real
2024-12-16 18:40:44 [10@DESKTOP-732BNJT]
Un correo electrónico para muramasakiiroa@gmail.com fue añadido a la cola: [GLPI #0000017] Nuevo caso Esto es una prueba de un caso real
2024-12-16 18:41:07 [2@DESKTOP-732BNJT]
Se ha enviado un correo electrónico a mdactm37@gmail.com: [GLPI #0000017] Nuevo caso Esto es una prueba de un caso real
2024-12-16 18:41:09 [2@DESKTOP-732BNJT]
Se ha enviado un correo electrónico a muramasakiiroa@gmail.com: [GLPI #0000017] Nuevo caso Esto es una prueba de un caso real
2024-12-16 18:43:19 [10@DESKTOP-732BNJT]
Un correo electrónico para mdactm37@gmail.com fue añadido a la cola: [GLPI #0000018] Apertura ahora
2024-12-16 18:43:19 [10@DESKTOP-732BNJT]
Un correo electrónico para muramasakiiroa@gmail.com fue añadido a la cola: [GLPI #0000018] Apertura ahora
2024-12-16 19:07:59 [2@DESKTOP-732BNJT]
Se ha enviado un correo electrónico a mdactm37@gmail.com: [GLPI #0000018] Apertura ahora
2024-12-16 19:08:01 [2@DESKTOP-732BNJT]
Se ha enviado un correo electrónico a muramasakiiroa@gmail.com: [GLPI #0000018] Apertura ahora
2024-12-17 14:58:17 [@DESKTOP-732BNJT]
Un correo electrónico para mdactm37@gmail.com ha sido agregado a la cola: [GLPI #0000019] Apertura Delivery Status Notification (Failure)
2024-12-17 14:58:17 [@DESKTOP-732BNJT]
Un correo electrónico para mailer-daemon@googlemail.com ha sido agregado a la cola: [GLPI #0000019] Apertura Delivery Status Notification (Failure)
2024-12-17 14:58:18 [@DESKTOP-732BNJT]
Un correo electrónico para mdactm37@gmail.com ha sido agregado a la cola: [GLPI #0000020] Apertura Delivery Status Notification (Failure)
2024-12-17 14:58:18 [@DESKTOP-732BNJT]
Un correo electrónico para mailer-daemon@googlemail.com ha sido agregado a la cola: [GLPI #0000020] Apertura Delivery Status Notification (Failure)
2024-12-17 14:58:19 [@DESKTOP-732BNJT]
Un correo electrónico para mdactm37@gmail.com ha sido agregado a la cola: [GLPI #0000021] Apertura Delivery Status Notification (Failure)
2024-12-17 14:58:19 [@DESKTOP-732BNJT]
Un correo electrónico para mailer-daemon@googlemail.com ha sido agregado a la cola: [GLPI #0000021] Apertura Delivery Status Notification (Failure)
2024-12-17 14:58:20 [@DESKTOP-732BNJT]
Un correo electrónico para mdactm37@gmail.com ha sido agregado a la cola: [GLPI #0000022] Apertura Delivery Status Notification (Failure)
2024-12-17 14:58:20 [@DESKTOP-732BNJT]
Un correo electrónico para mailer-daemon@googlemail.com ha sido agregado a la cola: [GLPI #0000022] Apertura Delivery Status Notification (Failure)
2024-12-17 14:58:20 [@DESKTOP-732BNJT]
Un correo electrónico para mdactm37@gmail.com ha sido agregado a la cola: [GLPI #0000023] Apertura Delivery Status Notification (Failure)
2024-12-17 14:58:20 [@DESKTOP-732BNJT]
Un correo electrónico para mailer-daemon@googlemail.com ha sido agregado a la cola: [GLPI #0000023] Apertura Delivery Status Notification (Failure)
2024-12-17 14:58:21 [@DESKTOP-732BNJT]
Un correo electrónico para mdactm37@gmail.com ha sido agregado a la cola: [GLPI #0000024] Apertura Delivery Status Notification (Failure)
2024-12-17 14:58:21 [@DESKTOP-732BNJT]
Un correo electrónico para mailer-daemon@googlemail.com ha sido agregado a la cola: [GLPI #0000024] Apertura Delivery Status Notification (Failure)
2024-12-17 15:07:43 [2@DESKTOP-732BNJT]
Un correo electrónico para mdactm37@gmail.com fue añadido a la cola: [GLPI #0000025] Apertura Delivery Status Notification (Failure)
2024-12-17 15:07:43 [2@DESKTOP-732BNJT]
Un correo electrónico para mailer-daemon@googlemail.com fue añadido a la cola: [GLPI #0000025] Apertura Delivery Status Notification (Failure)
2024-12-17 15:07:44 [2@DESKTOP-732BNJT]
Un correo electrónico para mdactm37@gmail.com fue añadido a la cola: [GLPI #0000026] Apertura Delivery Status Notification (Failure)
2024-12-17 15:07:44 [2@DESKTOP-732BNJT]
Un correo electrónico para mailer-daemon@googlemail.com fue añadido a la cola: [GLPI #0000026] Apertura Delivery Status Notification (Failure)
2024-12-17 15:07:44 [2@DESKTOP-732BNJT]
Un correo electrónico para mdactm37@gmail.com fue añadido a la cola: [GLPI #0000027] Apertura Delivery Status Notification (Failure)
2024-12-17 15:07:44 [2@DESKTOP-732BNJT]
Un correo electrónico para mailer-daemon@googlemail.com fue añadido a la cola: [GLPI #0000027] Apertura Delivery Status Notification (Failure)
2024-12-17 15:07:45 [2@DESKTOP-732BNJT]
Un correo electrónico para mdactm37@gmail.com fue añadido a la cola: [GLPI #0000028] Apertura Delivery Status Notification (Failure)
2024-12-17 15:07:45 [2@DESKTOP-732BNJT]
Un correo electrónico para mailer-daemon@googlemail.com fue añadido a la cola: [GLPI #0000028] Apertura Delivery Status Notification (Failure)
2024-12-17 15:07:46 [2@DESKTOP-732BNJT]
Un correo electrónico para mdactm37@gmail.com fue añadido a la cola: [GLPI #0000029] Apertura ayuda
2024-12-17 15:07:46 [2@DESKTOP-732BNJT]
Un correo electrónico para muramasakiiroa@gmail.com fue añadido a la cola: [GLPI #0000029] Apertura ayuda
2024-12-17 15:17:54 [10@DESKTOP-732BNJT]
Un correo electrónico para mdactm37@gmail.com fue añadido a la cola: [GLPI #0000030] Apertura prueba discriminar
2024-12-17 15:17:54 [10@DESKTOP-732BNJT]
Un correo electrónico para muramasakiiroa@gmail.com fue añadido a la cola: [GLPI #0000030] Apertura prueba discriminar
2024-12-17 15:18:20 [2@DESKTOP-732BNJT]
Se ha enviado un correo electrónico a mdactm37@gmail.com: [GLPI #0000019] Apertura Delivery Status Notification (Failure)
2024-12-17 15:18:22 [2@DESKTOP-732BNJT]
Se ha enviado un correo electrónico a mailer-daemon@googlemail.com: [GLPI #0000019] Apertura Delivery Status Notification (Failure)
2024-12-17 15:18:25 [2@DESKTOP-732BNJT]
Se ha enviado un correo electrónico a mdactm37@gmail.com: [GLPI #0000020] Apertura Delivery Status Notification (Failure)
2024-12-17 15:18:27 [2@DESKTOP-732BNJT]
Se ha enviado un correo electrónico a mailer-daemon@googlemail.com: [GLPI #0000020] Apertura Delivery Status Notification (Failure)
2024-12-17 15:18:30 [2@DESKTOP-732BNJT]
Se ha enviado un correo electrónico a mdactm37@gmail.com: [GLPI #0000021] Apertura Delivery Status Notification (Failure)
2024-12-17 15:18:33 [2@DESKTOP-732BNJT]
Se ha enviado un correo electrónico a mailer-daemon@googlemail.com: [GLPI #0000021] Apertura Delivery Status Notification (Failure)
2024-12-17 15:18:36 [2@DESKTOP-732BNJT]
Se ha enviado un correo electrónico a mdactm37@gmail.com: [GLPI #0000022] Apertura Delivery Status Notification (Failure)
2024-12-17 15:18:39 [2@DESKTOP-732BNJT]
Se ha enviado un correo electrónico a mailer-daemon@googlemail.com: [GLPI #0000022] Apertura Delivery Status Notification (Failure)
2024-12-17 15:18:42 [2@DESKTOP-732BNJT]
Se ha enviado un correo electrónico a mdactm37@gmail.com: [GLPI #0000023] Apertura Delivery Status Notification (Failure)
2024-12-17 15:18:44 [2@DESKTOP-732BNJT]
Se ha enviado un correo electrónico a mailer-daemon@googlemail.com: [GLPI #0000023] Apertura Delivery Status Notification (Failure)
2024-12-17 15:18:47 [2@DESKTOP-732BNJT]
Se ha enviado un correo electrónico a mdactm37@gmail.com: [GLPI #0000024] Apertura Delivery Status Notification (Failure)
2024-12-17 15:18:49 [2@DESKTOP-732BNJT]
Se ha enviado un correo electrónico a mailer-daemon@googlemail.com: [GLPI #0000024] Apertura Delivery Status Notification (Failure)
2024-12-17 15:18:51 [2@DESKTOP-732BNJT]
Se ha enviado un correo electrónico a mdactm37@gmail.com: [GLPI #0000025] Apertura Delivery Status Notification (Failure)
2024-12-17 15:18:53 [2@DESKTOP-732BNJT]
Se ha enviado un correo electrónico a mailer-daemon@googlemail.com: [GLPI #0000025] Apertura Delivery Status Notification (Failure)
2024-12-17 15:18:56 [2@DESKTOP-732BNJT]
Se ha enviado un correo electrónico a mdactm37@gmail.com: [GLPI #0000026] Apertura Delivery Status Notification (Failure)
2024-12-17 15:18:58 [2@DESKTOP-732BNJT]
Se ha enviado un correo electrónico a mailer-daemon@googlemail.com: [GLPI #0000026] Apertura Delivery Status Notification (Failure)
2024-12-17 15:19:01 [2@DESKTOP-732BNJT]
Se ha enviado un correo electrónico a mdactm37@gmail.com: [GLPI #0000027] Apertura Delivery Status Notification (Failure)
2024-12-17 15:19:03 [2@DESKTOP-732BNJT]
Se ha enviado un correo electrónico a mailer-daemon@googlemail.com: [GLPI #0000027] Apertura Delivery Status Notification (Failure)
2024-12-17 15:19:05 [2@DESKTOP-732BNJT]
Se ha enviado un correo electrónico a mdactm37@gmail.com: [GLPI #0000028] Apertura Delivery Status Notification (Failure)
2024-12-17 15:19:08 [2@DESKTOP-732BNJT]
Se ha enviado un correo electrónico a mailer-daemon@googlemail.com: [GLPI #0000028] Apertura Delivery Status Notification (Failure)
2024-12-17 15:20:00 [2@DESKTOP-732BNJT]
Se ha enviado un correo electrónico a muramasakiiroa@gmail.com: [GLPI #0000030] Apertura prueba discriminar
2024-12-17 15:20:21 [2@DESKTOP-732BNJT]
Se ha enviado un correo electrónico a mdactm37@gmail.com: [GLPI #0000030] Apertura prueba discriminar
2024-12-17 15:23:18 [2@DESKTOP-732BNJT]
Se ha enviado un correo electrónico a mdactm37@gmail.com: [GLPI #0000029] Apertura ayuda
2024-12-17 15:23:20 [2@DESKTOP-732BNJT]
Se ha enviado un correo electrónico a muramasakiiroa@gmail.com: [GLPI #0000029] Apertura ayuda
