2024-12-11 16:33:41 [2@DESKTOP-732BNJT]
Preparing tasks jobs, task id: 1
2024-12-11 16:33:41 [2@DESKTOP-732BNJT]
- prepared a job execution: Array
(
    [state] => 0
    [itemtype] => PluginFusioninventoryCollect
    [items_id] => 2
    [plugin_fusioninventory_taskjobs_id] => 1
    [plugin_fusioninventory_agents_id] => 1
    [uniqid] => 6759b0d5c12be
)

2024-12-11 16:34:20 [2@DESKTOP-732BNJT]
Preparing tasks jobs, task id: 1
2024-12-11 16:36:18 [2@DESKTOP-732BNJT]
Preparing tasks jobs, task id: 1
2024-12-11 16:38:05 [2@DESKTOP-732BNJT]
Preparing tasks jobs, task id: 1
2024-12-11 16:38:23 [2@DESKTOP-732BNJT]
Preparing tasks jobs, task id: 1
2024-12-11 16:38:48 [2@DESKTOP-732BNJT]
Preparing tasks jobs, task id: 1
2024-12-11 16:47:20 [2@DESKTOP-732BNJT]
Preparing tasks jobs, task id: 1
2024-12-11 16:53:28 [2@DESKTOP-732BNJT]
Preparing tasks jobs, task id: 1
2024-12-11 18:17:36 [@DESKTOP-732BNJT]
Preparing tasks jobs, task id: 
2024-12-11 18:20:51 [2@DESKTOP-732BNJT]
Preparing tasks jobs, task id: 1
2024-12-11 18:22:21 [@DESKTOP-732BNJT]
Preparing tasks jobs, task id: 
2024-12-11 18:27:21 [@DESKTOP-732BNJT]
Preparing tasks jobs, task id: 
2024-12-11 18:32:21 [@DESKTOP-732BNJT]
Preparing tasks jobs, task id: 
2024-12-11 18:37:21 [@DESKTOP-732BNJT]
Preparing tasks jobs, task id: 
2024-12-11 18:42:21 [@DESKTOP-732BNJT]
Preparing tasks jobs, task id: 
2024-12-11 18:47:22 [@DESKTOP-732BNJT]
Preparing tasks jobs, task id: 
2024-12-11 18:52:21 [@DESKTOP-732BNJT]
Preparing tasks jobs, task id: 
2024-12-11 18:57:21 [@DESKTOP-732BNJT]
Preparing tasks jobs, task id: 
2024-12-11 19:02:21 [@DESKTOP-732BNJT]
Preparing tasks jobs, task id: 
2024-12-11 19:07:21 [@DESKTOP-732BNJT]
Preparing tasks jobs, task id: 
2024-12-11 19:12:21 [@DESKTOP-732BNJT]
Preparing tasks jobs, task id: 
2024-12-11 19:17:21 [@DESKTOP-732BNJT]
Preparing tasks jobs, task id: 
2024-12-11 19:22:21 [@DESKTOP-732BNJT]
Preparing tasks jobs, task id: 
2024-12-11 19:27:21 [@DESKTOP-732BNJT]
Preparing tasks jobs, task id: 
2024-12-11 19:32:21 [@DESKTOP-732BNJT]
Preparing tasks jobs, task id: 
2024-12-11 19:37:21 [@DESKTOP-732BNJT]
Preparing tasks jobs, task id: 
2024-12-11 19:42:21 [@DESKTOP-732BNJT]
Preparing tasks jobs, task id: 
2024-12-11 19:47:21 [@DESKTOP-732BNJT]
Preparing tasks jobs, task id: 
2024-12-11 19:52:21 [@DESKTOP-732BNJT]
Preparing tasks jobs, task id: 
2024-12-11 19:55:47 [2@DESKTOP-732BNJT]
Preparing tasks jobs, task id: 1
2024-12-11 19:55:51 [2@DESKTOP-732BNJT]
Preparing tasks jobs, task id: 1
2024-12-11 19:57:21 [@DESKTOP-732BNJT]
Preparing tasks jobs, task id: 
2024-12-11 20:02:21 [@DESKTOP-732BNJT]
Preparing tasks jobs, task id: 
2024-12-11 20:07:21 [@DESKTOP-732BNJT]
Preparing tasks jobs, task id: 
2024-12-11 20:12:21 [@DESKTOP-732BNJT]
Preparing tasks jobs, task id: 
2024-12-11 20:17:22 [@DESKTOP-732BNJT]
Preparing tasks jobs, task id: 
2024-12-11 20:22:21 [@DESKTOP-732BNJT]
Preparing tasks jobs, task id: 
2024-12-11 20:27:21 [@DESKTOP-732BNJT]
Preparing tasks jobs, task id: 
2024-12-11 20:32:21 [@DESKTOP-732BNJT]
Preparing tasks jobs, task id: 
2024-12-11 20:37:21 [@DESKTOP-732BNJT]
Preparing tasks jobs, task id: 
2024-12-11 20:42:21 [@DESKTOP-732BNJT]
Preparing tasks jobs, task id: 
2024-12-11 20:47:22 [@DESKTOP-732BNJT]
Preparing tasks jobs, task id: 
2024-12-11 20:52:21 [@DESKTOP-732BNJT]
Preparing tasks jobs, task id: 
2024-12-11 20:57:21 [@DESKTOP-732BNJT]
Preparing tasks jobs, task id: 
2024-12-12 15:57:23 [@DESKTOP-732BNJT]
Preparing tasks jobs, task id: 
2024-12-12 16:02:25 [@DESKTOP-732BNJT]
Preparing tasks jobs, task id: 
2024-12-12 16:07:22 [@DESKTOP-732BNJT]
Preparing tasks jobs, task id: 
2024-12-12 16:12:22 [@DESKTOP-732BNJT]
Preparing tasks jobs, task id: 
2024-12-12 16:17:22 [@DESKTOP-732BNJT]
Preparing tasks jobs, task id: 
2024-12-12 16:22:21 [@DESKTOP-732BNJT]
Preparing tasks jobs, task id: 
2024-12-12 16:27:21 [@DESKTOP-732BNJT]
Preparing tasks jobs, task id: 
2024-12-12 16:32:21 [@DESKTOP-732BNJT]
Preparing tasks jobs, task id: 
2024-12-12 16:37:22 [@DESKTOP-732BNJT]
Preparing tasks jobs, task id: 
2024-12-12 16:42:21 [@DESKTOP-732BNJT]
Preparing tasks jobs, task id: 
2024-12-12 16:47:21 [@DESKTOP-732BNJT]
Preparing tasks jobs, task id: 
2024-12-12 16:52:21 [@DESKTOP-732BNJT]
Preparing tasks jobs, task id: 
2024-12-12 16:57:21 [@DESKTOP-732BNJT]
Preparing tasks jobs, task id: 
2024-12-12 17:02:21 [@DESKTOP-732BNJT]
Preparing tasks jobs, task id: 
2024-12-12 17:07:21 [@DESKTOP-732BNJT]
Preparing tasks jobs, task id: 
2024-12-12 17:12:21 [@DESKTOP-732BNJT]
Preparing tasks jobs, task id: 
2024-12-12 17:17:22 [@DESKTOP-732BNJT]
Preparing tasks jobs, task id: 
2024-12-12 17:22:21 [@DESKTOP-732BNJT]
Preparing tasks jobs, task id: 
2024-12-12 17:27:22 [@DESKTOP-732BNJT]
Preparing tasks jobs, task id: 
2024-12-12 17:32:21 [@DESKTOP-732BNJT]
Preparing tasks jobs, task id: 
2024-12-12 17:37:21 [@DESKTOP-732BNJT]
Preparing tasks jobs, task id: 
2024-12-12 17:42:21 [@DESKTOP-732BNJT]
Preparing tasks jobs, task id: 
2024-12-12 17:47:21 [@DESKTOP-732BNJT]
Preparing tasks jobs, task id: 
2024-12-12 17:52:21 [@DESKTOP-732BNJT]
Preparing tasks jobs, task id: 
2024-12-12 17:57:21 [@DESKTOP-732BNJT]
Preparing tasks jobs, task id: 
2024-12-12 18:02:22 [@DESKTOP-732BNJT]
Preparing tasks jobs, task id: 
2024-12-12 18:07:21 [@DESKTOP-732BNJT]
Preparing tasks jobs, task id: 
2024-12-12 18:12:21 [@DESKTOP-732BNJT]
Preparing tasks jobs, task id: 
2024-12-12 18:17:21 [@DESKTOP-732BNJT]
Preparing tasks jobs, task id: 
2024-12-12 18:22:22 [@DESKTOP-732BNJT]
Preparing tasks jobs, task id: 
2024-12-12 18:27:21 [@DESKTOP-732BNJT]
Preparing tasks jobs, task id: 
2024-12-12 18:32:21 [@DESKTOP-732BNJT]
Preparing tasks jobs, task id: 
2024-12-12 18:37:21 [@DESKTOP-732BNJT]
Preparing tasks jobs, task id: 
2024-12-12 18:42:21 [@DESKTOP-732BNJT]
Preparing tasks jobs, task id: 
2024-12-12 19:02:46 [@DESKTOP-732BNJT]
Preparing tasks jobs, task id: 
2024-12-12 19:03:00 [@DESKTOP-732BNJT]
Preparing tasks jobs, task id: 
2024-12-12 19:07:21 [@DESKTOP-732BNJT]
Preparing tasks jobs, task id: 
2024-12-12 19:12:21 [@DESKTOP-732BNJT]
Preparing tasks jobs, task id: 
2024-12-12 19:17:21 [@DESKTOP-732BNJT]
Preparing tasks jobs, task id: 
2024-12-12 19:22:21 [@DESKTOP-732BNJT]
Preparing tasks jobs, task id: 
2024-12-12 19:27:21 [@DESKTOP-732BNJT]
Preparing tasks jobs, task id: 
2024-12-12 19:32:21 [@DESKTOP-732BNJT]
Preparing tasks jobs, task id: 
2024-12-12 19:37:21 [@DESKTOP-732BNJT]
Preparing tasks jobs, task id: 
2024-12-12 19:42:21 [@DESKTOP-732BNJT]
Preparing tasks jobs, task id: 
2024-12-12 19:47:21 [@DESKTOP-732BNJT]
Preparing tasks jobs, task id: 
2024-12-12 19:52:21 [@DESKTOP-732BNJT]
Preparing tasks jobs, task id: 
2024-12-12 19:57:21 [@DESKTOP-732BNJT]
Preparing tasks jobs, task id: 
2024-12-12 20:02:21 [@DESKTOP-732BNJT]
Preparing tasks jobs, task id: 
2024-12-12 20:07:21 [@DESKTOP-732BNJT]
Preparing tasks jobs, task id: 
2024-12-12 20:12:21 [@DESKTOP-732BNJT]
Preparing tasks jobs, task id: 
2024-12-12 20:17:21 [@DESKTOP-732BNJT]
Preparing tasks jobs, task id: 
2024-12-12 20:22:21 [@DESKTOP-732BNJT]
Preparing tasks jobs, task id: 
2024-12-12 20:27:21 [@DESKTOP-732BNJT]
Preparing tasks jobs, task id: 
2024-12-12 20:32:21 [@DESKTOP-732BNJT]
Preparing tasks jobs, task id: 
2024-12-12 20:37:21 [@DESKTOP-732BNJT]
Preparing tasks jobs, task id: 
2024-12-12 20:42:21 [@DESKTOP-732BNJT]
Preparing tasks jobs, task id: 
2024-12-12 20:47:21 [@DESKTOP-732BNJT]
Preparing tasks jobs, task id: 
2024-12-12 20:52:21 [@DESKTOP-732BNJT]
Preparing tasks jobs, task id: 
2024-12-12 20:57:21 [@DESKTOP-732BNJT]
Preparing tasks jobs, task id: 
2024-12-16 14:47:22 [@DESKTOP-732BNJT]
Preparing tasks jobs, task id: 
2024-12-16 14:57:21 [@DESKTOP-732BNJT]
Preparing tasks jobs, task id: 
2024-12-16 15:02:25 [@DESKTOP-732BNJT]
Preparing tasks jobs, task id: 
2024-12-16 15:07:21 [@DESKTOP-732BNJT]
Preparing tasks jobs, task id: 
2024-12-16 15:12:21 [@DESKTOP-732BNJT]
Preparing tasks jobs, task id: 
2024-12-16 15:17:21 [@DESKTOP-732BNJT]
Preparing tasks jobs, task id: 
2024-12-16 15:22:21 [@DESKTOP-732BNJT]
Preparing tasks jobs, task id: 
2024-12-16 15:27:21 [@DESKTOP-732BNJT]
Preparing tasks jobs, task id: 
2024-12-16 15:32:21 [@DESKTOP-732BNJT]
Preparing tasks jobs, task id: 
2024-12-16 15:37:21 [@DESKTOP-732BNJT]
Preparing tasks jobs, task id: 
2024-12-16 15:42:21 [@DESKTOP-732BNJT]
Preparing tasks jobs, task id: 
2024-12-16 18:17:21 [@DESKTOP-732BNJT]
Preparing tasks jobs, task id: 
2024-12-16 18:22:21 [@DESKTOP-732BNJT]
Preparing tasks jobs, task id: 
2024-12-16 18:27:22 [@DESKTOP-732BNJT]
Preparing tasks jobs, task id: 
2024-12-16 18:32:22 [@DESKTOP-732BNJT]
Preparing tasks jobs, task id: 
2024-12-16 18:37:21 [@DESKTOP-732BNJT]
Preparing tasks jobs, task id: 
2024-12-16 18:42:22 [@DESKTOP-732BNJT]
Preparing tasks jobs, task id: 
2024-12-16 18:47:22 [@DESKTOP-732BNJT]
Preparing tasks jobs, task id: 
2024-12-16 18:52:21 [@DESKTOP-732BNJT]
Preparing tasks jobs, task id: 
2024-12-16 18:57:22 [@DESKTOP-732BNJT]
Preparing tasks jobs, task id: 
2024-12-16 19:02:22 [@DESKTOP-732BNJT]
Preparing tasks jobs, task id: 
2024-12-16 19:07:22 [@DESKTOP-732BNJT]
Preparing tasks jobs, task id: 
2024-12-16 19:12:22 [@DESKTOP-732BNJT]
Preparing tasks jobs, task id: 
2024-12-16 19:17:22 [@DESKTOP-732BNJT]
Preparing tasks jobs, task id: 
2024-12-16 19:22:21 [@DESKTOP-732BNJT]
Preparing tasks jobs, task id: 
2024-12-16 19:27:21 [@DESKTOP-732BNJT]
Preparing tasks jobs, task id: 
2024-12-16 19:32:21 [@DESKTOP-732BNJT]
Preparing tasks jobs, task id: 
2024-12-16 19:37:21 [@DESKTOP-732BNJT]
Preparing tasks jobs, task id: 
2024-12-16 19:42:22 [@DESKTOP-732BNJT]
Preparing tasks jobs, task id: 
2024-12-16 19:47:22 [@DESKTOP-732BNJT]
Preparing tasks jobs, task id: 
2024-12-16 19:52:21 [@DESKTOP-732BNJT]
Preparing tasks jobs, task id: 
2024-12-16 19:57:22 [@DESKTOP-732BNJT]
Preparing tasks jobs, task id: 
2024-12-16 20:02:21 [@DESKTOP-732BNJT]
Preparing tasks jobs, task id: 
2024-12-16 20:07:22 [@DESKTOP-732BNJT]
Preparing tasks jobs, task id: 
2024-12-16 20:12:21 [@DESKTOP-732BNJT]
Preparing tasks jobs, task id: 
2024-12-16 20:17:22 [@DESKTOP-732BNJT]
Preparing tasks jobs, task id: 
2024-12-16 20:22:22 [@DESKTOP-732BNJT]
Preparing tasks jobs, task id: 
2024-12-16 20:27:21 [@DESKTOP-732BNJT]
Preparing tasks jobs, task id: 
2024-12-16 20:32:21 [@DESKTOP-732BNJT]
Preparing tasks jobs, task id: 
2024-12-16 20:37:22 [@DESKTOP-732BNJT]
Preparing tasks jobs, task id: 
2024-12-16 20:42:22 [@DESKTOP-732BNJT]
Preparing tasks jobs, task id: 
2024-12-16 20:47:22 [@DESKTOP-732BNJT]
Preparing tasks jobs, task id: 
2024-12-16 20:52:22 [@DESKTOP-732BNJT]
Preparing tasks jobs, task id: 
2024-12-16 20:57:22 [@DESKTOP-732BNJT]
Preparing tasks jobs, task id: 
2024-12-17 14:57:22 [@DESKTOP-732BNJT]
Preparing tasks jobs, task id: 
2024-12-17 15:07:22 [@DESKTOP-732BNJT]
Preparing tasks jobs, task id: 
2024-12-17 15:12:22 [@DESKTOP-732BNJT]
Preparing tasks jobs, task id: 
2024-12-17 15:17:22 [@DESKTOP-732BNJT]
Preparing tasks jobs, task id: 
2024-12-17 15:22:22 [@DESKTOP-732BNJT]
Preparing tasks jobs, task id: 
2024-12-17 15:27:22 [@DESKTOP-732BNJT]
Preparing tasks jobs, task id: 
2024-12-17 15:32:22 [@DESKTOP-732BNJT]
Preparing tasks jobs, task id: 
2024-12-17 15:37:22 [@DESKTOP-732BNJT]
Preparing tasks jobs, task id: 
2024-12-17 15:42:22 [@DESKTOP-732BNJT]
Preparing tasks jobs, task id: 
2024-12-17 15:47:22 [@DESKTOP-732BNJT]
Preparing tasks jobs, task id: 
2024-12-17 15:52:22 [@DESKTOP-732BNJT]
Preparing tasks jobs, task id: 
2024-12-17 15:57:22 [@DESKTOP-732BNJT]
Preparing tasks jobs, task id: 
2024-12-17 16:02:22 [@DESKTOP-732BNJT]
Preparing tasks jobs, task id: 
2024-12-17 16:07:22 [@DESKTOP-732BNJT]
Preparing tasks jobs, task id: 
2024-12-17 16:12:22 [@DESKTOP-732BNJT]
Preparing tasks jobs, task id: 
2024-12-17 16:30:24 [@DESKTOP-732BNJT]
Preparing tasks jobs, task id: 
2024-12-17 16:32:21 [@DESKTOP-732BNJT]
Preparing tasks jobs, task id: 
2024-12-17 16:37:21 [@DESKTOP-732BNJT]
Preparing tasks jobs, task id: 
2024-12-17 16:42:22 [@DESKTOP-732BNJT]
Preparing tasks jobs, task id: 
2024-12-17 16:47:21 [@DESKTOP-732BNJT]
Preparing tasks jobs, task id: 
2024-12-17 16:52:22 [@DESKTOP-732BNJT]
Preparing tasks jobs, task id: 
2024-12-17 16:57:22 [@DESKTOP-732BNJT]
Preparing tasks jobs, task id: 
2024-12-17 17:02:22 [@DESKTOP-732BNJT]
Preparing tasks jobs, task id: 
2024-12-17 17:07:21 [@DESKTOP-732BNJT]
Preparing tasks jobs, task id: 
2024-12-17 17:12:21 [@DESKTOP-732BNJT]
Preparing tasks jobs, task id: 
2024-12-17 17:17:22 [@DESKTOP-732BNJT]
Preparing tasks jobs, task id: 
2024-12-17 17:22:22 [@DESKTOP-732BNJT]
Preparing tasks jobs, task id: 
2024-12-17 17:27:22 [@DESKTOP-732BNJT]
Preparing tasks jobs, task id: 
2024-12-17 17:32:22 [@DESKTOP-732BNJT]
Preparing tasks jobs, task id: 
2024-12-17 17:37:21 [@DESKTOP-732BNJT]
Preparing tasks jobs, task id: 
2024-12-17 17:42:21 [@DESKTOP-732BNJT]
Preparing tasks jobs, task id: 
2024-12-17 17:47:22 [@DESKTOP-732BNJT]
Preparing tasks jobs, task id: 
2024-12-17 17:52:25 [@DESKTOP-732BNJT]
Preparing tasks jobs, task id: 
2024-12-17 17:57:21 [@DESKTOP-732BNJT]
Preparing tasks jobs, task id: 
2024-12-17 18:02:22 [@DESKTOP-732BNJT]
Preparing tasks jobs, task id: 
2024-12-17 18:07:21 [@DESKTOP-732BNJT]
Preparing tasks jobs, task id: 
2024-12-17 18:12:21 [@DESKTOP-732BNJT]
Preparing tasks jobs, task id: 
2024-12-17 18:17:21 [@DESKTOP-732BNJT]
Preparing tasks jobs, task id: 
2024-12-17 18:22:22 [@DESKTOP-732BNJT]
Preparing tasks jobs, task id: 
2024-12-17 18:27:21 [@DESKTOP-732BNJT]
Preparing tasks jobs, task id: 
2024-12-17 18:32:21 [@DESKTOP-732BNJT]
Preparing tasks jobs, task id: 
2024-12-17 18:37:21 [@DESKTOP-732BNJT]
Preparing tasks jobs, task id: 
2024-12-17 18:42:21 [@DESKTOP-732BNJT]
Preparing tasks jobs, task id: 
2024-12-17 18:47:21 [@DESKTOP-732BNJT]
Preparing tasks jobs, task id: 
2024-12-17 18:52:21 [@DESKTOP-732BNJT]
Preparing tasks jobs, task id: 
2024-12-17 18:57:21 [@DESKTOP-732BNJT]
Preparing tasks jobs, task id: 
2024-12-17 19:02:21 [@DESKTOP-732BNJT]
Preparing tasks jobs, task id: 
2024-12-17 19:07:21 [@DESKTOP-732BNJT]
Preparing tasks jobs, task id: 
2024-12-17 19:12:22 [@DESKTOP-732BNJT]
Preparing tasks jobs, task id: 
2024-12-17 19:17:21 [@DESKTOP-732BNJT]
Preparing tasks jobs, task id: 
2024-12-17 19:22:21 [@DESKTOP-732BNJT]
Preparing tasks jobs, task id: 
2024-12-17 19:27:21 [@DESKTOP-732BNJT]
Preparing tasks jobs, task id: 
2024-12-17 19:32:22 [@DESKTOP-732BNJT]
Preparing tasks jobs, task id: 
2024-12-17 19:37:21 [@DESKTOP-732BNJT]
Preparing tasks jobs, task id: 
2024-12-17 19:42:21 [@DESKTOP-732BNJT]
Preparing tasks jobs, task id: 
2024-12-17 19:47:21 [@DESKTOP-732BNJT]
Preparing tasks jobs, task id: 
2024-12-17 19:52:21 [@DESKTOP-732BNJT]
Preparing tasks jobs, task id: 
2024-12-17 19:57:21 [@DESKTOP-732BNJT]
Preparing tasks jobs, task id: 
2024-12-17 20:02:21 [@DESKTOP-732BNJT]
Preparing tasks jobs, task id: 
2024-12-17 20:07:21 [@DESKTOP-732BNJT]
Preparing tasks jobs, task id: 
2024-12-17 20:12:21 [@DESKTOP-732BNJT]
Preparing tasks jobs, task id: 
2024-12-17 20:17:21 [@DESKTOP-732BNJT]
Preparing tasks jobs, task id: 
2024-12-17 20:22:21 [@DESKTOP-732BNJT]
Preparing tasks jobs, task id: 
2024-12-17 20:27:21 [@DESKTOP-732BNJT]
Preparing tasks jobs, task id: 
2024-12-17 20:32:22 [@DESKTOP-732BNJT]
Preparing tasks jobs, task id: 
2024-12-17 20:37:21 [@DESKTOP-732BNJT]
Preparing tasks jobs, task id: 
2024-12-17 20:42:21 [@DESKTOP-732BNJT]
Preparing tasks jobs, task id: 
2024-12-17 20:47:21 [@DESKTOP-732BNJT]
Preparing tasks jobs, task id: 
2024-12-17 20:52:21 [@DESKTOP-732BNJT]
Preparing tasks jobs, task id: 
2024-12-17 20:57:21 [@DESKTOP-732BNJT]
Preparing tasks jobs, task id: 
2024-12-19 17:32:23 [@DESKTOP-732BNJT]
Preparing tasks jobs, task id: 
2024-12-19 17:42:22 [@DESKTOP-732BNJT]
Preparing tasks jobs, task id: 
2024-12-19 17:47:22 [@DESKTOP-732BNJT]
Preparing tasks jobs, task id: 
2024-12-19 17:52:22 [@DESKTOP-732BNJT]
Preparing tasks jobs, task id: 
2024-12-19 17:57:22 [@DESKTOP-732BNJT]
Preparing tasks jobs, task id: 
2024-12-19 18:02:22 [@DESKTOP-732BNJT]
Preparing tasks jobs, task id: 
2024-12-19 18:07:22 [@DESKTOP-732BNJT]
Preparing tasks jobs, task id: 
2024-12-19 18:12:22 [@DESKTOP-732BNJT]
Preparing tasks jobs, task id: 
2024-12-19 18:17:21 [@DESKTOP-732BNJT]
Preparing tasks jobs, task id: 
2024-12-19 18:22:22 [@DESKTOP-732BNJT]
Preparing tasks jobs, task id: 
2024-12-19 18:27:22 [@DESKTOP-732BNJT]
Preparing tasks jobs, task id: 
2024-12-19 18:32:22 [@DESKTOP-732BNJT]
Preparing tasks jobs, task id: 
2024-12-19 18:37:22 [@DESKTOP-732BNJT]
Preparing tasks jobs, task id: 
2024-12-19 18:42:22 [@DESKTOP-732BNJT]
Preparing tasks jobs, task id: 
2024-12-19 18:47:22 [@DESKTOP-732BNJT]
Preparing tasks jobs, task id: 
2024-12-19 18:52:22 [@DESKTOP-732BNJT]
Preparing tasks jobs, task id: 
2024-12-19 18:57:22 [@DESKTOP-732BNJT]
Preparing tasks jobs, task id: 
2024-12-19 19:02:22 [@DESKTOP-732BNJT]
Preparing tasks jobs, task id: 
2024-12-19 19:07:22 [@DESKTOP-732BNJT]
Preparing tasks jobs, task id: 
2024-12-19 19:12:22 [@DESKTOP-732BNJT]
Preparing tasks jobs, task id: 
2024-12-19 19:17:22 [@DESKTOP-732BNJT]
Preparing tasks jobs, task id: 
2024-12-19 19:22:22 [@DESKTOP-732BNJT]
Preparing tasks jobs, task id: 
2024-12-19 19:27:22 [@DESKTOP-732BNJT]
Preparing tasks jobs, task id: 
2024-12-19 19:32:22 [@DESKTOP-732BNJT]
Preparing tasks jobs, task id: 
2024-12-19 19:37:22 [@DESKTOP-732BNJT]
Preparing tasks jobs, task id: 
2024-12-19 19:42:22 [@DESKTOP-732BNJT]
Preparing tasks jobs, task id: 
2024-12-19 19:47:22 [@DESKTOP-732BNJT]
Preparing tasks jobs, task id: 
2024-12-19 19:52:22 [@DESKTOP-732BNJT]
Preparing tasks jobs, task id: 
2024-12-19 19:57:22 [@DESKTOP-732BNJT]
Preparing tasks jobs, task id: 
2024-12-19 20:02:22 [@DESKTOP-732BNJT]
Preparing tasks jobs, task id: 
2024-12-19 20:07:22 [@DESKTOP-732BNJT]
Preparing tasks jobs, task id: 
2024-12-19 20:12:22 [@DESKTOP-732BNJT]
Preparing tasks jobs, task id: 
2024-12-19 20:17:22 [@DESKTOP-732BNJT]
Preparing tasks jobs, task id: 
2024-12-19 20:22:22 [@DESKTOP-732BNJT]
Preparing tasks jobs, task id: 
2024-12-19 20:27:22 [@DESKTOP-732BNJT]
Preparing tasks jobs, task id: 
2024-12-19 20:32:22 [@DESKTOP-732BNJT]
Preparing tasks jobs, task id: 
2024-12-19 20:37:22 [@DESKTOP-732BNJT]
Preparing tasks jobs, task id: 
2024-12-19 20:42:22 [@DESKTOP-732BNJT]
Preparing tasks jobs, task id: 
2024-12-19 20:47:22 [@DESKTOP-732BNJT]
Preparing tasks jobs, task id: 
2024-12-19 20:52:22 [@DESKTOP-732BNJT]
Preparing tasks jobs, task id: 
2024-12-19 20:57:22 [@DESKTOP-732BNJT]
Preparing tasks jobs, task id: 
2024-12-20 18:22:23 [@DESKTOP-732BNJT]
Preparing tasks jobs, task id: 
2024-12-20 18:32:22 [@DESKTOP-732BNJT]
Preparing tasks jobs, task id: 
2024-12-20 18:37:22 [@DESKTOP-732BNJT]
Preparing tasks jobs, task id: 
2024-12-20 18:42:22 [@DESKTOP-732BNJT]
Preparing tasks jobs, task id: 
2024-12-20 18:47:22 [@DESKTOP-732BNJT]
Preparing tasks jobs, task id: 
2024-12-20 18:52:22 [@DESKTOP-732BNJT]
Preparing tasks jobs, task id: 
2024-12-20 18:57:22 [@DESKTOP-732BNJT]
Preparing tasks jobs, task id: 
2024-12-20 19:02:22 [@DESKTOP-732BNJT]
Preparing tasks jobs, task id: 
2024-12-20 19:07:22 [@DESKTOP-732BNJT]
Preparing tasks jobs, task id: 
2024-12-20 19:12:22 [@DESKTOP-732BNJT]
Preparing tasks jobs, task id: 
2024-12-20 19:17:22 [@DESKTOP-732BNJT]
Preparing tasks jobs, task id: 
2024-12-20 19:22:22 [@DESKTOP-732BNJT]
Preparing tasks jobs, task id: 
2024-12-20 19:27:22 [@DESKTOP-732BNJT]
Preparing tasks jobs, task id: 
2024-12-20 19:32:22 [@DESKTOP-732BNJT]
Preparing tasks jobs, task id: 
2024-12-20 19:37:22 [@DESKTOP-732BNJT]
Preparing tasks jobs, task id: 
2024-12-20 19:42:22 [@DESKTOP-732BNJT]
Preparing tasks jobs, task id: 
